NOTE: Picked up JDK_JAVA_OPTIONS:  --add-opens=java.base/java.lang=ALL-UNNAMED --add-opens=java.base/java.lang.invoke=ALL-UNNAMED --add-opens=java.base/java.lang.reflect=ALL-UNNAMED --add-opens=java.base/java.io=ALL-UNNAMED --add-opens=java.base/java.util=ALL-UNNAMED --add-opens=java.base/java.util.concurrent=ALL-UNNAMED --add-opens=java.rmi/sun.rmi.transport=ALL-UNNAMED
29-Jul-2025 06:54:38.779 INFO [main] org.apache.catalina.startup.VersionLoggerListener.log Server version name:   Apache Tomcat/9.0.107
29-Jul-2025 06:54:38.787 INFO [main] org.apache.catalina.startup.VersionLoggerListener.log Server built:          Jul 2 2025 07:01:03 UTC
29-Jul-2025 06:54:38.793 INFO [main] org.apache.catalina.startup.VersionLoggerListener.log Server version number: 9.0.107.0
29-Jul-2025 06:54:38.794 INFO [main] org.apache.catalina.startup.VersionLoggerListener.log OS Name:               Linux
29-Jul-2025 06:54:38.794 INFO [main] org.apache.catalina.startup.VersionLoggerListener.log OS Version:            6.1.144-170.251.amzn2023.x86_64
29-Jul-2025 06:54:38.794 INFO [main] org.apache.catalina.startup.VersionLoggerListener.log Architecture:          amd64
29-Jul-2025 06:54:38.794 INFO [main] org.apache.catalina.startup.VersionLoggerListener.log Java Home:             /usr/lib/jvm/java-17-amazon-corretto.x86_64
29-Jul-2025 06:54:38.795 INFO [main] org.apache.catalina.startup.VersionLoggerListener.log JVM Version:           17.0.16+8-LTS
29-Jul-2025 06:54:38.795 INFO [main] org.apache.catalina.startup.VersionLoggerListener.log JVM Vendor:            Amazon.com Inc.
29-Jul-2025 06:54:38.795 INFO [main] org.apache.catalina.startup.VersionLoggerListener.log CATALINA_BASE:         /root/jenkins/apache-tomcat-9.0.107
29-Jul-2025 06:54:38.796 INFO [main] org.apache.catalina.startup.VersionLoggerListener.log CATALINA_HOME:         /root/jenkins/apache-tomcat-9.0.107
29-Jul-2025 06:54:38.818 INFO [main] org.apache.catalina.startup.VersionLoggerListener.log Command line argument: --add-opens=java.base/java.lang=ALL-UNNAMED
29-Jul-2025 06:54:38.819 INFO [main] org.apache.catalina.startup.VersionLoggerListener.log Command line argument: --add-opens=java.base/java.lang.invoke=ALL-UNNAMED
29-Jul-2025 06:54:38.823 INFO [main] org.apache.catalina.startup.VersionLoggerListener.log Command line argument: --add-opens=java.base/java.lang.reflect=ALL-UNNAMED
29-Jul-2025 06:54:38.823 INFO [main] org.apache.catalina.startup.VersionLoggerListener.log Command line argument: --add-opens=java.base/java.io=ALL-UNNAMED
29-Jul-2025 06:54:38.823 INFO [main] org.apache.catalina.startup.VersionLoggerListener.log Command line argument: --add-opens=java.base/java.util=ALL-UNNAMED
29-Jul-2025 06:54:38.831 INFO [main] org.apache.catalina.startup.VersionLoggerListener.log Command line argument: --add-opens=java.base/java.util.concurrent=ALL-UNNAMED
29-Jul-2025 06:54:38.832 INFO [main] org.apache.catalina.startup.VersionLoggerListener.log Command line argument: --add-opens=java.rmi/sun.rmi.transport=ALL-UNNAMED
29-Jul-2025 06:54:38.832 INFO [main] org.apache.catalina.startup.VersionLoggerListener.log Command line argument: -Djava.util.logging.config.file=/root/jenkins/apache-tomcat-9.0.107/conf/logging.properties
29-Jul-2025 06:54:38.832 INFO [main] org.apache.catalina.startup.VersionLoggerListener.log Command line argument: -Djava.util.logging.manager=org.apache.juli.ClassLoaderLogManager
29-Jul-2025 06:54:38.832 INFO [main] org.apache.catalina.startup.VersionLoggerListener.log Command line argument: -Djdk.tls.ephemeralDHKeySize=2048
29-Jul-2025 06:54:38.832 INFO [main] org.apache.catalina.startup.VersionLoggerListener.log Command line argument: -Djava.protocol.handler.pkgs=org.apache.catalina.webresources
29-Jul-2025 06:54:38.832 INFO [main] org.apache.catalina.startup.VersionLoggerListener.log Command line argument: -Dsun.io.useCanonCaches=false
29-Jul-2025 06:54:38.832 INFO [main] org.apache.catalina.startup.VersionLoggerListener.log Command line argument: -Dorg.apache.catalina.security.SecurityListener.UMASK=0027
29-Jul-2025 06:54:38.832 INFO [main] org.apache.catalina.startup.VersionLoggerListener.log Command line argument: -Dignore.endorsed.dirs=
29-Jul-2025 06:54:38.832 INFO [main] org.apache.catalina.startup.VersionLoggerListener.log Command line argument: -Dcatalina.base=/root/jenkins/apache-tomcat-9.0.107
29-Jul-2025 06:54:38.833 INFO [main] org.apache.catalina.startup.VersionLoggerListener.log Command line argument: -Dcatalina.home=/root/jenkins/apache-tomcat-9.0.107
29-Jul-2025 06:54:38.833 INFO [main] org.apache.catalina.startup.VersionLoggerListener.log Command line argument: -Djava.io.tmpdir=/root/jenkins/apache-tomcat-9.0.107/temp
29-Jul-2025 06:54:38.838 INFO [main] org.apache.catalina.core.AprLifecycleListener.lifecycleEvent The Apache Tomcat Native library which allows using OpenSSL was not found on the java.library.path: [/usr/java/packages/lib:/usr/lib64:/lib64:/lib:/usr/lib]
29-Jul-2025 06:54:39.585 INFO [main] org.apache.coyote.AbstractProtocol.init Initializing ProtocolHandler ["http-nio-8080"]
29-Jul-2025 06:54:39.627 SEVERE [main] org.apache.catalina.util.LifecycleBase.handleSubClassException Failed to initialize component [Connector["http-nio-8080"]]
	org.apache.catalina.LifecycleException: Protocol handler initialization failed
		at org.apache.catalina.connector.Connector.initInternal(Connector.java:1072)
		at org.apache.catalina.util.LifecycleBase.init(LifecycleBase.java:122)
		at org.apache.catalina.core.StandardService.initInternal(StandardService.java:522)
		at org.apache.catalina.util.LifecycleBase.init(LifecycleBase.java:122)
		at org.apache.catalina.core.StandardServer.initInternal(StandardServer.java:986)
		at org.apache.catalina.util.LifecycleBase.init(LifecycleBase.java:122)
		at org.apache.catalina.startup.Catalina.load(Catalina.java:690)
		at org.apache.catalina.startup.Catalina.load(Catalina.java:713)
		at java.base/jdk.internal.reflect.NativeMethodAccessorImpl.invoke0(Native Method)
		at java.base/jdk.internal.reflect.NativeMethodAccessorImpl.invoke(NativeMethodAccessorImpl.java:77)
		at java.base/jdk.internal.reflect.DelegatingMethodAccessorImpl.invoke(DelegatingMethodAccessorImpl.java:43)
		at java.base/java.lang.reflect.Method.invoke(Method.java:569)
		at org.apache.catalina.startup.Bootstrap.load(Bootstrap.java:302)
		at org.apache.catalina.startup.Bootstrap.main(Bootstrap.java:475)
	Caused by: java.net.BindException: Address already in use
		at java.base/sun.nio.ch.Net.bind0(Native Method)
		at java.base/sun.nio.ch.Net.bind(Net.java:555)
		at java.base/sun.nio.ch.ServerSocketChannelImpl.netBind(ServerSocketChannelImpl.java:337)
		at java.base/sun.nio.ch.ServerSocketChannelImpl.bind(ServerSocketChannelImpl.java:294)
		at org.apache.tomcat.util.net.NioEndpoint.initServerSocket(NioEndpoint.java:298)
		at org.apache.tomcat.util.net.NioEndpoint.bind(NioEndpoint.java:253)
		at org.apache.tomcat.util.net.AbstractEndpoint.bindWithCleanup(AbstractEndpoint.java:1465)
		at org.apache.tomcat.util.net.AbstractEndpoint.init(AbstractEndpoint.java:1478)
		at org.apache.coyote.AbstractProtocol.init(AbstractProtocol.java:663)
		at org.apache.coyote.http11.AbstractHttp11Protocol.init(AbstractHttp11Protocol.java:80)
		at org.apache.catalina.connector.Connector.initInternal(Connector.java:1070)
		... 13 more
29-Jul-2025 06:54:39.628 INFO [main] org.apache.catalina.startup.Catalina.load Server initialization in [1296] milliseconds
29-Jul-2025 06:54:39.733 INFO [main] org.apache.catalina.core.StandardService.startInternal Starting service [Catalina]
29-Jul-2025 06:54:39.736 INFO [main] org.apache.catalina.core.StandardEngine.startInternal Starting Servlet engine: [Apache Tomcat/9.0.107]
29-Jul-2025 06:54:39.754 INFO [main] org.apache.catalina.startup.HostConfig.deployDirectory Deploying web application directory [/root/jenkins/apache-tomcat-9.0.107/webapps/ROOT]
29-Jul-2025 06:54:40.344 INFO [main] org.apache.catalina.startup.HostConfig.deployDirectory Deployment of web application directory [/root/jenkins/apache-tomcat-9.0.107/webapps/ROOT] has finished in [589] ms
29-Jul-2025 06:54:40.344 INFO [main] org.apache.catalina.startup.HostConfig.deployDirectory Deploying web application directory [/root/jenkins/apache-tomcat-9.0.107/webapps/docs]
29-Jul-2025 06:54:40.396 INFO [main] org.apache.catalina.startup.HostConfig.deployDirectory Deployment of web application directory [/root/jenkins/apache-tomcat-9.0.107/webapps/docs] has finished in [52] ms
29-Jul-2025 06:54:40.401 INFO [main] org.apache.catalina.startup.HostConfig.deployDirectory Deploying web application directory [/root/jenkins/apache-tomcat-9.0.107/webapps/examples]
29-Jul-2025 06:54:41.066 INFO [main] org.apache.catalina.startup.HostConfig.deployDirectory Deployment of web application directory [/root/jenkins/apache-tomcat-9.0.107/webapps/examples] has finished in [665] ms
29-Jul-2025 06:54:41.067 INFO [main] org.apache.catalina.startup.HostConfig.deployDirectory Deploying web application directory [/root/jenkins/apache-tomcat-9.0.107/webapps/host-manager]
29-Jul-2025 06:54:41.123 INFO [main] org.apache.catalina.startup.HostConfig.deployDirectory Deployment of web application directory [/root/jenkins/apache-tomcat-9.0.107/webapps/host-manager] has finished in [56] ms
29-Jul-2025 06:54:41.124 INFO [main] org.apache.catalina.startup.HostConfig.deployDirectory Deploying web application directory [/root/jenkins/apache-tomcat-9.0.107/webapps/manager]
29-Jul-2025 06:54:41.175 INFO [main] org.apache.catalina.startup.HostConfig.deployDirectory Deployment of web application directory [/root/jenkins/apache-tomcat-9.0.107/webapps/manager] has finished in [51] ms
29-Jul-2025 06:54:41.187 INFO [main] org.apache.catalina.startup.Catalina.start Server startup in [1558] milliseconds
NOTE: Picked up JDK_JAVA_OPTIONS:  --add-opens=java.base/java.lang=ALL-UNNAMED --add-opens=java.base/java.lang.invoke=ALL-UNNAMED --add-opens=java.base/java.lang.reflect=ALL-UNNAMED --add-opens=java.base/java.io=ALL-UNNAMED --add-opens=java.base/java.util=ALL-UNNAMED --add-opens=java.base/java.util.concurrent=ALL-UNNAMED --add-opens=java.rmi/sun.rmi.transport=ALL-UNNAMED
29-Jul-2025 07:03:27.510 INFO [main] org.apache.catalina.startup.VersionLoggerListener.log Server version name:   Apache Tomcat/9.0.107
29-Jul-2025 07:03:27.529 INFO [main] org.apache.catalina.startup.VersionLoggerListener.log Server built:          Jul 2 2025 07:01:03 UTC
29-Jul-2025 07:03:27.530 INFO [main] org.apache.catalina.startup.VersionLoggerListener.log Server version number: 9.0.107.0
29-Jul-2025 07:03:27.530 INFO [main] org.apache.catalina.startup.VersionLoggerListener.log OS Name:               Linux
29-Jul-2025 07:03:27.530 INFO [main] org.apache.catalina.startup.VersionLoggerListener.log OS Version:            6.1.144-170.251.amzn2023.x86_64
29-Jul-2025 07:03:27.530 INFO [main] org.apache.catalina.startup.VersionLoggerListener.log Architecture:          amd64
29-Jul-2025 07:03:27.531 INFO [main] org.apache.catalina.startup.VersionLoggerListener.log Java Home:             /usr/lib/jvm/java-17-amazon-corretto.x86_64
29-Jul-2025 07:03:27.531 INFO [main] org.apache.catalina.startup.VersionLoggerListener.log JVM Version:           17.0.16+8-LTS
29-Jul-2025 07:03:27.531 INFO [main] org.apache.catalina.startup.VersionLoggerListener.log JVM Vendor:            Amazon.com Inc.
29-Jul-2025 07:03:27.531 INFO [main] org.apache.catalina.startup.VersionLoggerListener.log CATALINA_BASE:         /root/jenkins/apache-tomcat-9.0.107
29-Jul-2025 07:03:27.532 INFO [main] org.apache.catalina.startup.VersionLoggerListener.log CATALINA_HOME:         /root/jenkins/apache-tomcat-9.0.107
29-Jul-2025 07:03:27.549 INFO [main] org.apache.catalina.startup.VersionLoggerListener.log Command line argument: --add-opens=java.base/java.lang=ALL-UNNAMED
29-Jul-2025 07:03:27.549 INFO [main] org.apache.catalina.startup.VersionLoggerListener.log Command line argument: --add-opens=java.base/java.lang.invoke=ALL-UNNAMED
29-Jul-2025 07:03:27.550 INFO [main] org.apache.catalina.startup.VersionLoggerListener.log Command line argument: --add-opens=java.base/java.lang.reflect=ALL-UNNAMED
29-Jul-2025 07:03:27.550 INFO [main] org.apache.catalina.startup.VersionLoggerListener.log Command line argument: --add-opens=java.base/java.io=ALL-UNNAMED
29-Jul-2025 07:03:27.550 INFO [main] org.apache.catalina.startup.VersionLoggerListener.log Command line argument: --add-opens=java.base/java.util=ALL-UNNAMED
29-Jul-2025 07:03:27.550 INFO [main] org.apache.catalina.startup.VersionLoggerListener.log Command line argument: --add-opens=java.base/java.util.concurrent=ALL-UNNAMED
29-Jul-2025 07:03:27.550 INFO [main] org.apache.catalina.startup.VersionLoggerListener.log Command line argument: --add-opens=java.rmi/sun.rmi.transport=ALL-UNNAMED
29-Jul-2025 07:03:27.550 INFO [main] org.apache.catalina.startup.VersionLoggerListener.log Command line argument: -Djava.util.logging.config.file=/root/jenkins/apache-tomcat-9.0.107/conf/logging.properties
29-Jul-2025 07:03:27.550 INFO [main] org.apache.catalina.startup.VersionLoggerListener.log Command line argument: -Djava.util.logging.manager=org.apache.juli.ClassLoaderLogManager
29-Jul-2025 07:03:27.550 INFO [main] org.apache.catalina.startup.VersionLoggerListener.log Command line argument: -Djdk.tls.ephemeralDHKeySize=2048
29-Jul-2025 07:03:27.550 INFO [main] org.apache.catalina.startup.VersionLoggerListener.log Command line argument: -Djava.protocol.handler.pkgs=org.apache.catalina.webresources
29-Jul-2025 07:03:27.551 INFO [main] org.apache.catalina.startup.VersionLoggerListener.log Command line argument: -Dsun.io.useCanonCaches=false
29-Jul-2025 07:03:27.551 INFO [main] org.apache.catalina.startup.VersionLoggerListener.log Command line argument: -Dorg.apache.catalina.security.SecurityListener.UMASK=0027
29-Jul-2025 07:03:27.551 INFO [main] org.apache.catalina.startup.VersionLoggerListener.log Command line argument: -Dignore.endorsed.dirs=
29-Jul-2025 07:03:27.551 INFO [main] org.apache.catalina.startup.VersionLoggerListener.log Command line argument: -Dcatalina.base=/root/jenkins/apache-tomcat-9.0.107
29-Jul-2025 07:03:27.559 INFO [main] org.apache.catalina.startup.VersionLoggerListener.log Command line argument: -Dcatalina.home=/root/jenkins/apache-tomcat-9.0.107
29-Jul-2025 07:03:27.559 INFO [main] org.apache.catalina.startup.VersionLoggerListener.log Command line argument: -Djava.io.tmpdir=/root/jenkins/apache-tomcat-9.0.107/temp
29-Jul-2025 07:03:27.560 INFO [main] org.apache.catalina.core.AprLifecycleListener.lifecycleEvent The Apache Tomcat Native library which allows using OpenSSL was not found on the java.library.path: [/usr/java/packages/lib:/usr/lib64:/lib64:/lib:/usr/lib]
29-Jul-2025 07:03:28.321 INFO [main] org.apache.coyote.AbstractProtocol.init Initializing ProtocolHandler ["http-nio-8080"]
29-Jul-2025 07:03:28.392 INFO [main] org.apache.catalina.startup.Catalina.load Server initialization in [1301] milliseconds
29-Jul-2025 07:03:28.470 INFO [main] org.apache.catalina.core.StandardService.startInternal Starting service [Catalina]
29-Jul-2025 07:03:28.483 INFO [main] org.apache.catalina.core.StandardEngine.startInternal Starting Servlet engine: [Apache Tomcat/9.0.107]
29-Jul-2025 07:03:28.498 INFO [main] org.apache.catalina.startup.HostConfig.deployDirectory Deploying web application directory [/root/jenkins/apache-tomcat-9.0.107/webapps/ROOT]
29-Jul-2025 07:03:29.088 INFO [main] org.apache.catalina.startup.HostConfig.deployDirectory Deployment of web application directory [/root/jenkins/apache-tomcat-9.0.107/webapps/ROOT] has finished in [591] ms
29-Jul-2025 07:03:29.089 INFO [main] org.apache.catalina.startup.HostConfig.deployDirectory Deploying web application directory [/root/jenkins/apache-tomcat-9.0.107/webapps/docs]
29-Jul-2025 07:03:29.142 INFO [main] org.apache.catalina.startup.HostConfig.deployDirectory Deployment of web application directory [/root/jenkins/apache-tomcat-9.0.107/webapps/docs] has finished in [52] ms
29-Jul-2025 07:03:29.143 INFO [main] org.apache.catalina.startup.HostConfig.deployDirectory Deploying web application directory [/root/jenkins/apache-tomcat-9.0.107/webapps/examples]
29-Jul-2025 07:03:29.670 INFO [main] org.apache.catalina.startup.HostConfig.deployDirectory Deployment of web application directory [/root/jenkins/apache-tomcat-9.0.107/webapps/examples] has finished in [527] ms
29-Jul-2025 07:03:29.673 INFO [main] org.apache.catalina.startup.HostConfig.deployDirectory Deploying web application directory [/root/jenkins/apache-tomcat-9.0.107/webapps/host-manager]
29-Jul-2025 07:03:29.724 INFO [main] org.apache.catalina.startup.HostConfig.deployDirectory Deployment of web application directory [/root/jenkins/apache-tomcat-9.0.107/webapps/host-manager] has finished in [51] ms
29-Jul-2025 07:03:29.730 INFO [main] org.apache.catalina.startup.HostConfig.deployDirectory Deploying web application directory [/root/jenkins/apache-tomcat-9.0.107/webapps/manager]
29-Jul-2025 07:03:29.779 INFO [main] org.apache.catalina.startup.HostConfig.deployDirectory Deployment of web application directory [/root/jenkins/apache-tomcat-9.0.107/webapps/manager] has finished in [49] ms
29-Jul-2025 07:03:29.789 INFO [main] org.apache.coyote.AbstractProtocol.start Starting ProtocolHandler ["http-nio-8080"]
29-Jul-2025 07:03:29.818 INFO [main] org.apache.catalina.startup.Catalina.start Server startup in [1425] milliseconds
29-Jul-2025 07:03:29.822 SEVERE [main] org.apache.catalina.core.StandardServer.await Failed to create server shutdown socket on address [localhost] and port [8005] (base port [8005] and offset [0])
	java.net.BindException: Address already in use
		at java.base/sun.nio.ch.Net.bind0(Native Method)
		at java.base/sun.nio.ch.Net.bind(Net.java:555)
		at java.base/sun.nio.ch.Net.bind(Net.java:544)
		at java.base/sun.nio.ch.NioSocketImpl.bind(NioSocketImpl.java:648)
		at java.base/java.net.ServerSocket.bind(ServerSocket.java:388)
		at java.base/java.net.ServerSocket.<init>(ServerSocket.java:274)
		at org.apache.catalina.core.StandardServer.await(StandardServer.java:537)
		at org.apache.catalina.startup.Catalina.await(Catalina.java:829)
		at org.apache.catalina.startup.Catalina.start(Catalina.java:777)
		at java.base/jdk.internal.reflect.NativeMethodAccessorImpl.invoke0(Native Method)
		at java.base/jdk.internal.reflect.NativeMethodAccessorImpl.invoke(NativeMethodAccessorImpl.java:77)
		at java.base/jdk.internal.reflect.DelegatingMethodAccessorImpl.invoke(DelegatingMethodAccessorImpl.java:43)
		at java.base/java.lang.reflect.Method.invoke(Method.java:569)
		at org.apache.catalina.startup.Bootstrap.start(Bootstrap.java:345)
		at org.apache.catalina.startup.Bootstrap.main(Bootstrap.java:476)
29-Jul-2025 07:03:29.833 INFO [main] org.apache.coyote.AbstractProtocol.pause Pausing ProtocolHandler ["http-nio-8080"]
29-Jul-2025 07:03:29.841 INFO [main] org.apache.catalina.core.StandardService.stopInternal Stopping service [Catalina]
29-Jul-2025 07:03:29.899 INFO [main] org.apache.coyote.AbstractProtocol.stop Stopping ProtocolHandler ["http-nio-8080"]
29-Jul-2025 07:03:29.914 INFO [main] org.apache.coyote.AbstractProtocol.destroy Destroying ProtocolHandler ["http-nio-8080"]
29-Jul-2025 07:37:34.253 INFO [main] org.apache.catalina.core.StandardServer.await A valid shutdown command was received via the shutdown port. Stopping the Server instance.
29-Jul-2025 07:37:34.254 INFO [main] org.apache.coyote.AbstractProtocol.pause Pausing ProtocolHandler ["http-nio-8080"]
29-Jul-2025 07:37:34.254 INFO [main] org.apache.catalina.core.StandardService.stopInternal Stopping service [Catalina]
29-Jul-2025 07:37:34.323 INFO [main] org.apache.coyote.AbstractProtocol.stop Stopping ProtocolHandler ["http-nio-8080"]
29-Jul-2025 07:37:34.325 INFO [main] org.apache.coyote.AbstractProtocol.destroy Destroying ProtocolHandler ["http-nio-8080"]
NOTE: Picked up JDK_JAVA_OPTIONS:  --add-opens=java.base/java.lang=ALL-UNNAMED --add-opens=java.base/java.lang.invoke=ALL-UNNAMED --add-opens=java.base/java.lang.reflect=ALL-UNNAMED --add-opens=java.base/java.io=ALL-UNNAMED --add-opens=java.base/java.util=ALL-UNNAMED --add-opens=java.base/java.util.concurrent=ALL-UNNAMED --add-opens=java.rmi/sun.rmi.transport=ALL-UNNAMED
29-Jul-2025 16:12:02.093 INFO [main] org.apache.catalina.startup.VersionLoggerListener.log Server version name:   Apache Tomcat/9.0.107
29-Jul-2025 16:12:02.110 INFO [main] org.apache.catalina.startup.VersionLoggerListener.log Server built:          Jul 2 2025 07:01:03 UTC
29-Jul-2025 16:12:02.110 INFO [main] org.apache.catalina.startup.VersionLoggerListener.log Server version number: 9.0.107.0
29-Jul-2025 16:12:02.114 INFO [main] org.apache.catalina.startup.VersionLoggerListener.log OS Name:               Linux
29-Jul-2025 16:12:02.114 INFO [main] org.apache.catalina.startup.VersionLoggerListener.log OS Version:            6.1.144-170.251.amzn2023.x86_64
29-Jul-2025 16:12:02.114 INFO [main] org.apache.catalina.startup.VersionLoggerListener.log Architecture:          amd64
29-Jul-2025 16:12:02.114 INFO [main] org.apache.catalina.startup.VersionLoggerListener.log Java Home:             /usr/lib/jvm/java-17-amazon-corretto.x86_64
29-Jul-2025 16:12:02.114 INFO [main] org.apache.catalina.startup.VersionLoggerListener.log JVM Version:           17.0.16+8-LTS
29-Jul-2025 16:12:02.115 INFO [main] org.apache.catalina.startup.VersionLoggerListener.log JVM Vendor:            Amazon.com Inc.
29-Jul-2025 16:12:02.115 INFO [main] org.apache.catalina.startup.VersionLoggerListener.log CATALINA_BASE:         /root/jenkins/apache-tomcat-9.0.107
29-Jul-2025 16:12:02.115 INFO [main] org.apache.catalina.startup.VersionLoggerListener.log CATALINA_HOME:         /root/jenkins/apache-tomcat-9.0.107
29-Jul-2025 16:12:02.123 INFO [main] org.apache.catalina.startup.VersionLoggerListener.log Command line argument: --add-opens=java.base/java.lang=ALL-UNNAMED
29-Jul-2025 16:12:02.123 INFO [main] org.apache.catalina.startup.VersionLoggerListener.log Command line argument: --add-opens=java.base/java.lang.invoke=ALL-UNNAMED
29-Jul-2025 16:12:02.124 INFO [main] org.apache.catalina.startup.VersionLoggerListener.log Command line argument: --add-opens=java.base/java.lang.reflect=ALL-UNNAMED
29-Jul-2025 16:12:02.124 INFO [main] org.apache.catalina.startup.VersionLoggerListener.log Command line argument: --add-opens=java.base/java.io=ALL-UNNAMED
29-Jul-2025 16:12:02.124 INFO [main] org.apache.catalina.startup.VersionLoggerListener.log Command line argument: --add-opens=java.base/java.util=ALL-UNNAMED
29-Jul-2025 16:12:02.124 INFO [main] org.apache.catalina.startup.VersionLoggerListener.log Command line argument: --add-opens=java.base/java.util.concurrent=ALL-UNNAMED
29-Jul-2025 16:12:02.124 INFO [main] org.apache.catalina.startup.VersionLoggerListener.log Command line argument: --add-opens=java.rmi/sun.rmi.transport=ALL-UNNAMED
29-Jul-2025 16:12:02.124 INFO [main] org.apache.catalina.startup.VersionLoggerListener.log Command line argument: -Djava.util.logging.config.file=/root/jenkins/apache-tomcat-9.0.107/conf/logging.properties
29-Jul-2025 16:12:02.124 INFO [main] org.apache.catalina.startup.VersionLoggerListener.log Command line argument: -Djava.util.logging.manager=org.apache.juli.ClassLoaderLogManager
29-Jul-2025 16:12:02.124 INFO [main] org.apache.catalina.startup.VersionLoggerListener.log Command line argument: -Djdk.tls.ephemeralDHKeySize=2048
29-Jul-2025 16:12:02.124 INFO [main] org.apache.catalina.startup.VersionLoggerListener.log Command line argument: -Djava.protocol.handler.pkgs=org.apache.catalina.webresources
29-Jul-2025 16:12:02.124 INFO [main] org.apache.catalina.startup.VersionLoggerListener.log Command line argument: -Dsun.io.useCanonCaches=false
29-Jul-2025 16:12:02.125 INFO [main] org.apache.catalina.startup.VersionLoggerListener.log Command line argument: -Dorg.apache.catalina.security.SecurityListener.UMASK=0027
29-Jul-2025 16:12:02.133 INFO [main] org.apache.catalina.startup.VersionLoggerListener.log Command line argument: -Dignore.endorsed.dirs=
29-Jul-2025 16:12:02.136 INFO [main] org.apache.catalina.startup.VersionLoggerListener.log Command line argument: -Dcatalina.base=/root/jenkins/apache-tomcat-9.0.107
29-Jul-2025 16:12:02.137 INFO [main] org.apache.catalina.startup.VersionLoggerListener.log Command line argument: -Dcatalina.home=/root/jenkins/apache-tomcat-9.0.107
29-Jul-2025 16:12:02.137 INFO [main] org.apache.catalina.startup.VersionLoggerListener.log Command line argument: -Djava.io.tmpdir=/root/jenkins/apache-tomcat-9.0.107/temp
29-Jul-2025 16:12:02.145 INFO [main] org.apache.catalina.core.AprLifecycleListener.lifecycleEvent The Apache Tomcat Native library which allows using OpenSSL was not found on the java.library.path: [/usr/java/packages/lib:/usr/lib64:/lib64:/lib:/usr/lib]
29-Jul-2025 16:12:02.827 INFO [main] org.apache.coyote.AbstractProtocol.init Initializing ProtocolHandler ["http-nio-8080"]
29-Jul-2025 16:12:02.862 SEVERE [main] org.apache.catalina.util.LifecycleBase.handleSubClassException Failed to initialize component [Connector["http-nio-8080"]]
	org.apache.catalina.LifecycleException: Protocol handler initialization failed
		at org.apache.catalina.connector.Connector.initInternal(Connector.java:1072)
		at org.apache.catalina.util.LifecycleBase.init(LifecycleBase.java:122)
		at org.apache.catalina.core.StandardService.initInternal(StandardService.java:522)
		at org.apache.catalina.util.LifecycleBase.init(LifecycleBase.java:122)
		at org.apache.catalina.core.StandardServer.initInternal(StandardServer.java:986)
		at org.apache.catalina.util.LifecycleBase.init(LifecycleBase.java:122)
		at org.apache.catalina.startup.Catalina.load(Catalina.java:690)
		at org.apache.catalina.startup.Catalina.load(Catalina.java:713)
		at java.base/jdk.internal.reflect.NativeMethodAccessorImpl.invoke0(Native Method)
		at java.base/jdk.internal.reflect.NativeMethodAccessorImpl.invoke(NativeMethodAccessorImpl.java:77)
		at java.base/jdk.internal.reflect.DelegatingMethodAccessorImpl.invoke(DelegatingMethodAccessorImpl.java:43)
		at java.base/java.lang.reflect.Method.invoke(Method.java:569)
		at org.apache.catalina.startup.Bootstrap.load(Bootstrap.java:302)
		at org.apache.catalina.startup.Bootstrap.main(Bootstrap.java:475)
	Caused by: java.net.BindException: Address already in use
		at java.base/sun.nio.ch.Net.bind0(Native Method)
		at java.base/sun.nio.ch.Net.bind(Net.java:555)
		at java.base/sun.nio.ch.ServerSocketChannelImpl.netBind(ServerSocketChannelImpl.java:337)
		at java.base/sun.nio.ch.ServerSocketChannelImpl.bind(ServerSocketChannelImpl.java:294)
		at org.apache.tomcat.util.net.NioEndpoint.initServerSocket(NioEndpoint.java:298)
		at org.apache.tomcat.util.net.NioEndpoint.bind(NioEndpoint.java:253)
		at org.apache.tomcat.util.net.AbstractEndpoint.bindWithCleanup(AbstractEndpoint.java:1465)
		at org.apache.tomcat.util.net.AbstractEndpoint.init(AbstractEndpoint.java:1478)
		at org.apache.coyote.AbstractProtocol.init(AbstractProtocol.java:663)
		at org.apache.coyote.http11.AbstractHttp11Protocol.init(AbstractHttp11Protocol.java:80)
		at org.apache.catalina.connector.Connector.initInternal(Connector.java:1070)
		... 13 more
29-Jul-2025 16:12:02.864 INFO [main] org.apache.catalina.startup.Catalina.load Server initialization in [1196] milliseconds
29-Jul-2025 16:12:02.947 INFO [main] org.apache.catalina.core.StandardService.startInternal Starting service [Catalina]
29-Jul-2025 16:12:02.948 INFO [main] org.apache.catalina.core.StandardEngine.startInternal Starting Servlet engine: [Apache Tomcat/9.0.107]
29-Jul-2025 16:12:02.966 INFO [main] org.apache.catalina.startup.HostConfig.deployDirectory Deploying web application directory [/root/jenkins/apache-tomcat-9.0.107/webapps/ROOT]
29-Jul-2025 16:12:03.553 INFO [main] org.apache.catalina.startup.HostConfig.deployDirectory Deployment of web application directory [/root/jenkins/apache-tomcat-9.0.107/webapps/ROOT] has finished in [586] ms
29-Jul-2025 16:12:03.557 INFO [main] org.apache.catalina.startup.HostConfig.deployDirectory Deploying web application directory [/root/jenkins/apache-tomcat-9.0.107/webapps/docs]
29-Jul-2025 16:12:03.614 INFO [main] org.apache.catalina.startup.HostConfig.deployDirectory Deployment of web application directory [/root/jenkins/apache-tomcat-9.0.107/webapps/docs] has finished in [57] ms
29-Jul-2025 16:12:03.615 INFO [main] org.apache.catalina.startup.HostConfig.deployDirectory Deploying web application directory [/root/jenkins/apache-tomcat-9.0.107/webapps/examples]
29-Jul-2025 16:12:04.150 INFO [main] org.apache.catalina.startup.HostConfig.deployDirectory Deployment of web application directory [/root/jenkins/apache-tomcat-9.0.107/webapps/examples] has finished in [535] ms
29-Jul-2025 16:12:04.151 INFO [main] org.apache.catalina.startup.HostConfig.deployDirectory Deploying web application directory [/root/jenkins/apache-tomcat-9.0.107/webapps/host-manager]
29-Jul-2025 16:12:04.202 INFO [main] org.apache.catalina.startup.HostConfig.deployDirectory Deployment of web application directory [/root/jenkins/apache-tomcat-9.0.107/webapps/host-manager] has finished in [52] ms
29-Jul-2025 16:12:04.202 INFO [main] org.apache.catalina.startup.HostConfig.deployDirectory Deploying web application directory [/root/jenkins/apache-tomcat-9.0.107/webapps/manager]
29-Jul-2025 16:12:04.241 INFO [main] org.apache.catalina.startup.HostConfig.deployDirectory Deployment of web application directory [/root/jenkins/apache-tomcat-9.0.107/webapps/manager] has finished in [39] ms
29-Jul-2025 16:12:04.257 INFO [main] org.apache.catalina.startup.Catalina.start Server startup in [1393] milliseconds
29-Jul-2025 16:12:04.260 SEVERE [main] org.apache.catalina.core.StandardServer.await Failed to create server shutdown socket on address [localhost] and port [8005] (base port [8005] and offset [0])
	java.net.BindException: Address already in use
		at java.base/sun.nio.ch.Net.bind0(Native Method)
		at java.base/sun.nio.ch.Net.bind(Net.java:555)
		at java.base/sun.nio.ch.Net.bind(Net.java:544)
		at java.base/sun.nio.ch.NioSocketImpl.bind(NioSocketImpl.java:648)
		at java.base/java.net.ServerSocket.bind(ServerSocket.java:388)
		at java.base/java.net.ServerSocket.<init>(ServerSocket.java:274)
		at org.apache.catalina.core.StandardServer.await(StandardServer.java:537)
		at org.apache.catalina.startup.Catalina.await(Catalina.java:829)
		at org.apache.catalina.startup.Catalina.start(Catalina.java:777)
		at java.base/jdk.internal.reflect.NativeMethodAccessorImpl.invoke0(Native Method)
		at java.base/jdk.internal.reflect.NativeMethodAccessorImpl.invoke(NativeMethodAccessorImpl.java:77)
		at java.base/jdk.internal.reflect.DelegatingMethodAccessorImpl.invoke(DelegatingMethodAccessorImpl.java:43)
		at java.base/java.lang.reflect.Method.invoke(Method.java:569)
		at org.apache.catalina.startup.Bootstrap.start(Bootstrap.java:345)
		at org.apache.catalina.startup.Bootstrap.main(Bootstrap.java:476)
29-Jul-2025 16:12:04.262 INFO [main] org.apache.coyote.AbstractProtocol.pause Pausing ProtocolHandler ["http-nio-8080"]
29-Jul-2025 16:12:04.262 INFO [main] org.apache.catalina.core.StandardService.stopInternal Stopping service [Catalina]
29-Jul-2025 16:12:04.310 INFO [main] org.apache.coyote.AbstractProtocol.stop Stopping ProtocolHandler ["http-nio-8080"]
29-Jul-2025 16:12:04.313 INFO [main] org.apache.coyote.AbstractProtocol.destroy Destroying ProtocolHandler ["http-nio-8080"]
